{
  "stats": {
    "suites": 3,
    "tests": 7,
    "passes": 7,
    "pending": 0,
    "failures": 0,
    "start": "2020-07-30T11:06:07.485Z",
    "end": "2020-07-30T11:06:08.405Z",
    "duration": 920,
    "testsRegistered": 7,
    "passPercent": 100,
    "pendingPercent": 0,
    "other": 0,
    "hasOther": false,
    "skipped": 0,
    "hasSkipped": false
  },
  "results": [
    {
      "uuid": "e2c46c7e-4421-417f-9763-85c4e82a8315",
      "title": "",
      "fullFile": "",
      "file": "",
      "beforeHooks": [],
      "afterHooks": [],
      "tests": [],
      "suites": [
        {
          "uuid": "71f09fb0-0e23-463f-814b-2e51f469d825",
          "title": "Array",
          "fullFile": "C:\\Users\\danie\\Desktop\\automation_tests\\test\\testArray.js",
          "file": "\\test\\testArray.js",
          "beforeHooks": [],
          "afterHooks": [],
          "tests": [
            {
              "title": "Should return the sum of all elements in the array",
              "fullTitle": "Array Should return the sum of all elements in the array",
              "timedOut": false,
              "duration": 4,
              "state": "passed",
              "speed": "fast",
              "pass": true,
              "fail": false,
              "pending": false,
              "context": null,
              "code": "console.log(array.map([3, 5, 2]))",
              "err": {},
              "uuid": "168519b9-b049-4c15-94de-0619ccac6e99",
              "parentUUID": "71f09fb0-0e23-463f-814b-2e51f469d825",
              "isHook": false,
              "skipped": false
            },
            {
              "title": "Should return the sum of all elements in the array",
              "fullTitle": "Array Should return the sum of all elements in the array",
              "timedOut": false,
              "duration": 1,
              "state": "passed",
              "speed": "fast",
              "pass": true,
              "fail": false,
              "pending": false,
              "context": null,
              "code": "console.log(array.filter([3, 5, 2]))",
              "err": {},
              "uuid": "8a820f91-aea6-40ff-8bed-ba47e41337f8",
              "parentUUID": "71f09fb0-0e23-463f-814b-2e51f469d825",
              "isHook": false,
              "skipped": false
            },
            {
              "title": "Should return the sum of all elements in the array",
              "fullTitle": "Array Should return the sum of all elements in the array",
              "timedOut": false,
              "duration": 1,
              "state": "passed",
              "speed": "fast",
              "pass": true,
              "fail": false,
              "pending": false,
              "context": null,
              "code": "expect(array.sum([4, 3, 5, 2])).to.equal(14)",
              "err": {},
              "uuid": "5d3aa76b-62a9-457c-b518-ce66ec9b4be9",
              "parentUUID": "71f09fb0-0e23-463f-814b-2e51f469d825",
              "isHook": false,
              "skipped": false
            },
            {
              "title": "Should sort the array in ascent order",
              "fullTitle": "Array Should sort the array in ascent order",
              "timedOut": false,
              "duration": 0,
              "state": "passed",
              "speed": "fast",
              "pass": true,
              "fail": false,
              "pending": false,
              "context": null,
              "code": "console.log(array.sort([3, 5, 2]))",
              "err": {},
              "uuid": "1cbb8630-bc68-477e-ad79-ef346bf847c1",
              "parentUUID": "71f09fb0-0e23-463f-814b-2e51f469d825",
              "isHook": false,
              "skipped": false
            }
          ],
          "suites": [],
          "passes": [
            "168519b9-b049-4c15-94de-0619ccac6e99",
            "8a820f91-aea6-40ff-8bed-ba47e41337f8",
            "5d3aa76b-62a9-457c-b518-ce66ec9b4be9",
            "1cbb8630-bc68-477e-ad79-ef346bf847c1"
          ],
          "failures": [],
          "pending": [],
          "skipped": [],
          "duration": 6,
          "root": false,
          "rootEmpty": false,
          "_timeout": 2000
        },
        {
          "uuid": "628a4c4c-b1f0-444a-911c-515e6bb52961",
          "title": "Test CRUD Operations on DB",
          "fullFile": "C:\\Users\\danie\\Desktop\\automation_tests\\test\\testDb.js",
          "file": "\\test\\testDb.js",
          "beforeHooks": [],
          "afterHooks": [],
          "tests": [],
          "suites": [
            {
              "uuid": "a793f3ae-7371-4afe-860b-58ef20db9fd6",
              "title": "#Read",
              "fullFile": "C:\\Users\\danie\\Desktop\\automation_tests\\test\\testDb.js",
              "file": "\\test\\testDb.js",
              "beforeHooks": [
                {
                  "title": "\"before all\" hook",
                  "fullTitle": "Test CRUD Operations on DB #Read \"before all\" hook",
                  "timedOut": false,
                  "duration": 874,
                  "state": null,
                  "speed": null,
                  "pass": false,
                  "fail": false,
                  "pending": false,
                  "context": null,
                  "code": "try {\n    product = await db.queryDb(pool, [1])\n} catch (e) {\n    logger.error(e)\n}",
                  "err": {},
                  "uuid": "cb0537a0-1b33-4016-9efb-0c9fc54ea0b8",
                  "parentUUID": "a793f3ae-7371-4afe-860b-58ef20db9fd6",
                  "isHook": true,
                  "skipped": false
                }
              ],
              "afterHooks": [
                {
                  "title": "\"after all\" hook",
                  "fullTitle": "Test CRUD Operations on DB #Read \"after all\" hook",
                  "timedOut": false,
                  "duration": 2,
                  "state": null,
                  "speed": null,
                  "pass": false,
                  "fail": false,
                  "pending": false,
                  "context": null,
                  "code": "pool.end()",
                  "err": {},
                  "uuid": "96920ef4-8d66-40ed-80b1-9eeca40b16a9",
                  "parentUUID": "a793f3ae-7371-4afe-860b-58ef20db9fd6",
                  "isHook": true,
                  "skipped": false
                }
              ],
              "tests": [
                {
                  "title": "Should return product id",
                  "fullTitle": "Test CRUD Operations on DB #Read Should return product id",
                  "timedOut": false,
                  "duration": 1,
                  "state": "passed",
                  "speed": "fast",
                  "pass": true,
                  "fail": false,
                  "pending": false,
                  "context": null,
                  "code": "expect(product[0].id).to.equal(1)",
                  "err": {},
                  "uuid": "eac37837-8b4c-49a6-9ba7-eb43443908bf",
                  "parentUUID": "a793f3ae-7371-4afe-860b-58ef20db9fd6",
                  "isHook": false,
                  "skipped": false
                },
                {
                  "title": "Should return product name",
                  "fullTitle": "Test CRUD Operations on DB #Read Should return product name",
                  "timedOut": false,
                  "duration": 0,
                  "state": "passed",
                  "speed": "fast",
                  "pass": true,
                  "fail": false,
                  "pending": false,
                  "context": null,
                  "code": "expect(product[0].name).to.equal('Chicken')",
                  "err": {},
                  "uuid": "1ee2d355-0aeb-43df-9cb8-7a38eb234d81",
                  "parentUUID": "a793f3ae-7371-4afe-860b-58ef20db9fd6",
                  "isHook": false,
                  "skipped": false
                },
                {
                  "title": "Should return product code",
                  "fullTitle": "Test CRUD Operations on DB #Read Should return product code",
                  "timedOut": false,
                  "duration": 1,
                  "state": "passed",
                  "speed": "fast",
                  "pass": true,
                  "fail": false,
                  "pending": false,
                  "context": null,
                  "code": "expect(product.length).to.equal(1)",
                  "err": {},
                  "uuid": "afac81aa-8b30-4e85-8c5f-19e295328e5a",
                  "parentUUID": "a793f3ae-7371-4afe-860b-58ef20db9fd6",
                  "isHook": false,
                  "skipped": false
                }
              ],
              "suites": [],
              "passes": [
                "eac37837-8b4c-49a6-9ba7-eb43443908bf",
                "1ee2d355-0aeb-43df-9cb8-7a38eb234d81",
                "afac81aa-8b30-4e85-8c5f-19e295328e5a"
              ],
              "failures": [],
              "pending": [],
              "skipped": [],
              "duration": 2,
              "root": false,
              "rootEmpty": false,
              "_timeout": 2000
            }
          ],
          "passes": [],
          "failures": [],
          "pending": [],
          "skipped": [],
          "duration": 0,
          "root": false,
          "rootEmpty": false,
          "_timeout": 2000
        }
      ],
      "passes": [],
      "failures": [],
      "pending": [],
      "skipped": [],
      "duration": 0,
      "root": true,
      "rootEmpty": true,
      "_timeout": 2000
    }
  ],
  "meta": {
    "mocha": {
      "version": "8.0.1"
    },
    "mochawesome": {
      "options": {
        "quiet": false,
        "reportFilename": "mochawesome",
        "saveHtml": true,
        "saveJson": true,
        "consoleReporter": "spec",
        "useInlineDiffs": false,
        "code": true
      },
      "version": "6.1.1"
    },
    "marge": {
      "options": null,
      "version": "5.1.0"
    }
  }
}